This file contains any messages produced by compilers while
running configure, to aid debugging if configure makes a mistake.

It was created by bayon configure 0.1.1, which was
generated by GNU Autoconf 2.68.  Invocation command line was

  $ ./configure 

## --------- ##
## Platform. ##
## --------- ##

hostname = PC096D1501
uname -m = i686
uname -r = 1.0.18(0.48/3/2)
uname -s = MINGW32_NT-6.1
uname -v = 2012-11-21 22:34

/usr/bin/uname -p = unknown
/bin/uname -X     = unknown

/bin/arch              = unknown
/usr/bin/arch -k       = unknown
/usr/convex/getsysinfo = unknown
/usr/bin/hostinfo      = unknown
/bin/machine           = unknown
/usr/bin/oslevel       = unknown
/bin/universe          = unknown

PATH: .
PATH: /usr/local/bin
PATH: /mingw/bin
PATH: /bin
PATH: z/.sys/miniperl/bin
PATH: z/.sys/php
PATH: /c/Python27/Lib/site-packages/PyQt4
PATH: /c/ProgramData/Oracle/Java/javapath
PATH: /c/Program Files/Haskell/bin
PATH: /c/Program Files/Haskell Platform/7.10.2-a/lib/extralibs/bin
PATH: /c/Program Files/Haskell Platform/7.10.2-a/bin
PATH: /c/Program Files/ConEmu
PATH: /c/Program Files/ConEmu/ConEmu
PATH: /c/Program Files/Intel/iCLS Client/
PATH: /c/windows/system32
PATH: /c/windows
PATH: /c/windows/System32/Wbem
PATH: /c/windows/System32/WindowsPowerShell/v1.0/
PATH: /c/Program Files/Intel/Intel(R) Management Engine Components/DAL
PATH: /c/Program Files/Intel/Intel(R) Management Engine Components/IPT
PATH: /c/Program Files/Git/cmd
PATH: /c/Program Files/Git/bin
PATH: /c/Program Files/Gow/bin
PATH: /c/Program Files/Java/jdk1.7.0_80/bin
PATH: /c/Ruby21/bin
PATH: /c/Users/gakujutu/AppData/Local/atom/bin
PATH: /c/Users/gakujutu/AppData/Roaming/npm
PATH: /c/Program Files/nodejs/
PATH: /c/OpenSSL-Win32/bin
PATH: /c/Program Files/OpenSSH/bin
PATH: /c/Users/gakujutu/AppData/Local/Programs/stack/i386-windows/ghc-7.8.4/bin
PATH: /c/Users/gakujutu/AppData/Local/Programs/stack/i386-windows/ghc-7.8.4/mingw/bin
PATH: /c/Users/gakujutu/AppData/Local/Programs/stack/i386-windows/git-2.4.5.1/cmd
PATH: /c/Users/gakujutu/AppData/Local/Programs/stack/i386-windows/git-2.4.5.1/usr/bin
PATH: /c/Users/gakujutu/AppData/Roaming/local/bin
PATH: /c/Program Files/TortoiseGit/bin
PATH: /c/Python27
PATH: /c/Python27/DLLs
PATH: /c/Python27/Scripts
PATH: /c/Python27/gnuplot/binary
PATH: /c/Program Files/pythonxy/SciTE-3.5.1-4
PATH: /c/Program Files/pythonxy/console
PATH: /c/Program Files/MeCab/bin
PATH: /c/Program Files/Microsoft Visual Studio 8/VC/vcpackages
PATH: /c/Users/gakujutu/AppData/Roaming/npm/node_modules/slack-client/node_modules/ws/node_modules/utf-8-validate/ build/binding.sln
PATH: /c/Program Files/Microsoft SQL Server/100/Tools/Binn/
PATH: /c/Program Files/Microsoft SQL Server/100/DTS/Binn/
PATH: /c/MinGW/bin
PATH: /usr
PATH: /c/Ruby21/devkit/mingw/bin
PATH: /c/Ruby21/bin
PATH: /c/Users/gakujutu/AppData/Roaming/cabal/bin
PATH: /c/Ruby22/bin
PATH: /c/Users/gakujutu/AppData/Local/atom/bin
PATH: /c/Users/gakujutu/AppData/Roaming/npm


## ----------- ##
## Core tests. ##
## ----------- ##

configure:2129: checking for gcc
configure:2145: found /c/Users/gakujutu/AppData/Local/Programs/stack/i386-windows/ghc-7.8.4/mingw/bin/gcc
configure:2156: result: gcc
configure:2385: checking for C compiler version
configure:2394: gcc --version >&5
realgcc.exe (GCC) 4.5.2
Copyright (C) 2010 Free Software Foundation, Inc.
This is free software; see the source for copying conditions.  There is NO
warranty; not even for MERCHANTABILITY or FITNESS FOR A PARTICULAR PURPOSE.

configure:2405: $? = 0
configure:2394: gcc -v >&5
Using built-in specs.
COLLECT_GCC=c:\Users\gakujutu\AppData\Local\Programs\stack\i386-windows\ghc-7.8.4\mingw\bin/realgcc.exe
COLLECT_LTO_WRAPPER=c:/Users/gakujutu/AppData/Local/Programs/stack/i386-windows/ghc-7.8.4/mingw/bin/../libexec/gcc/mingw32/4.5.2/lto-wrapper.exe
Target: mingw32
Configured with: ../gcc-4.5.2/configure --enable-languages=c,c++,ada,fortran,objc,obj-c++ --disable-sjlj-exceptions --with-dwarf2 --enable-shared --enable-libgomp --disable-win32-registry --enable-libstdcxx-debug --enable-version-specific-runtime-libs --disable-werror --build=mingw32 --prefix=/mingw
Thread model: win32
gcc version 4.5.2 (GCC) 
configure:2405: $? = 0
configure:2394: gcc -V >&5
realgcc.exe: '-V' must come at the start of the command line
configure:2405: $? = 1
configure:2394: gcc -qversion >&5
realgcc.exe: unrecognized option '-qversion'
realgcc.exe: no input files
configure:2405: $? = 1
configure:2425: checking whether the C compiler works
configure:2447: gcc    conftest.c  >&5
configure:2451: $? = 0
configure:2499: result: yes
configure:2502: checking for C compiler default output file name
configure:2504: result: a.exe
configure:2510: checking for suffix of executables
configure:2517: gcc -o conftest.exe    conftest.c  >&5
configure:2521: $? = 0
configure:2543: result: .exe
configure:2565: checking whether we are cross compiling
configure:2573: gcc -o conftest.exe    conftest.c  >&5
configure:2577: $? = 0
configure:2584: ./conftest.exe
configure:2588: $? = 0
configure:2603: result: no
configure:2608: checking for suffix of object files
configure:2630: gcc -c   conftest.c >&5
configure:2634: $? = 0
configure:2655: result: o
configure:2659: checking whether we are using the GNU C compiler
configure:2678: gcc -c   conftest.c >&5
configure:2678: $? = 0
configure:2687: result: yes
configure:2696: checking whether gcc accepts -g
configure:2716: gcc -c -g  conftest.c >&5
configure:2716: $? = 0
configure:2757: result: yes
configure:2774: checking for gcc option to accept ISO C89
configure:2838: gcc  -c -g -O2  conftest.c >&5
configure:2838: $? = 0
configure:2851: result: none needed
configure:2929: checking for g++
configure:2945: found /c/Users/gakujutu/AppData/Local/Programs/stack/i386-windows/ghc-7.8.4/mingw/bin/g++
configure:2956: result: g++
configure:2983: checking for C++ compiler version
configure:2992: g++ --version >&5
g++.exe (GCC) 4.5.2
Copyright (C) 2010 Free Software Foundation, Inc.
This is free software; see the source for copying conditions.  There is NO
warranty; not even for MERCHANTABILITY or FITNESS FOR A PARTICULAR PURPOSE.

configure:3003: $? = 0
configure:2992: g++ -v >&5
Using built-in specs.
COLLECT_GCC=c:\Users\gakujutu\AppData\Local\Programs\stack\i386-windows\ghc-7.8.4\mingw\bin\g++.exe
COLLECT_LTO_WRAPPER=c:/users/gakujutu/appdata/local/programs/stack/i386-windows/ghc-7.8.4/mingw/bin/../libexec/gcc/mingw32/4.5.2/lto-wrapper.exe
Target: mingw32
Configured with: ../gcc-4.5.2/configure --enable-languages=c,c++,ada,fortran,objc,obj-c++ --disable-sjlj-exceptions --with-dwarf2 --enable-shared --enable-libgomp --disable-win32-registry --enable-libstdcxx-debug --enable-version-specific-runtime-libs --disable-werror --build=mingw32 --prefix=/mingw
Thread model: win32
gcc version 4.5.2 (GCC) 
configure:3003: $? = 0
configure:2992: g++ -V >&5
g++.exe: '-V' option must have argument
configure:3003: $? = 1
configure:2992: g++ -qversion >&5
g++.exe: unrecognized option '-qversion'
g++.exe: no input files
configure:3003: $? = 1
configure:3007: checking whether we are using the GNU C++ compiler
configure:3026: g++ -c   conftest.cpp >&5
configure:3026: $? = 0
configure:3035: result: yes
configure:3044: checking whether g++ accepts -g
configure:3064: g++ -c -g  conftest.cpp >&5
configure:3064: $? = 0
configure:3105: result: yes
configure:3142: checking how to run the C++ preprocessor
configure:3169: g++ -E  conftest.cpp
configure:3169: $? = 0
configure:3183: g++ -E  conftest.cpp
conftest.cpp:10:28: fatal error: ac_nonexistent.h: No such file or directory
compilation terminated.
configure:3183: $? = 1
configure: failed program was:
| /* confdefs.h */
| #define PACKAGE_NAME "bayon"
| #define PACKAGE_TARNAME "bayon"
| #define PACKAGE_VERSION "0.1.1"
| #define PACKAGE_STRING "bayon 0.1.1"
| #define PACKAGE_BUGREPORT "fujisawa@bayon.cc"
| #define PACKAGE_URL ""
| #define AUTHOR "Mizuki Fujisawa"
| /* end confdefs.h.  */
| #include <ac_nonexistent.h>
configure:3208: result: g++ -E
configure:3228: g++ -E  conftest.cpp
configure:3228: $? = 0
configure:3242: g++ -E  conftest.cpp
conftest.cpp:10:28: fatal error: ac_nonexistent.h: No such file or directory
compilation terminated.
configure:3242: $? = 1
configure: failed program was:
| /* confdefs.h */
| #define PACKAGE_NAME "bayon"
| #define PACKAGE_TARNAME "bayon"
| #define PACKAGE_VERSION "0.1.1"
| #define PACKAGE_STRING "bayon 0.1.1"
| #define PACKAGE_BUGREPORT "fujisawa@bayon.cc"
| #define PACKAGE_URL ""
| #define AUTHOR "Mizuki Fujisawa"
| /* end confdefs.h.  */
| #include <ac_nonexistent.h>
configure:3271: checking for grep that handles long lines and -e
configure:3329: result: /bin/grep
configure:3334: checking for egrep
configure:3396: result: /bin/grep -E
configure:3401: checking for ANSI C header files
configure:3421: g++ -c -g -O2  conftest.cpp >&5
configure:3421: $? = 0
configure:3494: g++ -o conftest.exe -g -O2   conftest.cpp  >&5
configure:3494: $? = 0
configure:3494: ./conftest.exe
configure:3494: $? = 0
configure:3505: result: yes
configure:3518: checking for sys/types.h
configure:3518: g++ -c -g -O2  conftest.cpp >&5
configure:3518: $? = 0
configure:3518: result: yes
configure:3518: checking for sys/stat.h
configure:3518: g++ -c -g -O2  conftest.cpp >&5
configure:3518: $? = 0
configure:3518: result: yes
configure:3518: checking for stdlib.h
configure:3518: g++ -c -g -O2  conftest.cpp >&5
configure:3518: $? = 0
configure:3518: result: yes
configure:3518: checking for string.h
configure:3518: g++ -c -g -O2  conftest.cpp >&5
configure:3518: $? = 0
configure:3518: result: yes
configure:3518: checking for memory.h
configure:3518: g++ -c -g -O2  conftest.cpp >&5
configure:3518: $? = 0
configure:3518: result: yes
configure:3518: checking for strings.h
configure:3518: g++ -c -g -O2  conftest.cpp >&5
configure:3518: $? = 0
configure:3518: result: yes
configure:3518: checking for inttypes.h
configure:3518: g++ -c -g -O2  conftest.cpp >&5
configure:3518: $? = 0
configure:3518: result: yes
configure:3518: checking for stdint.h
configure:3518: g++ -c -g -O2  conftest.cpp >&5
configure:3518: $? = 0
configure:3518: result: yes
configure:3518: checking for unistd.h
configure:3518: g++ -c -g -O2  conftest.cpp >&5
configure:3518: $? = 0
configure:3518: result: yes
configure:3532: checking google/dense_hash_map usability
configure:3532: g++ -c -g -O2  conftest.cpp >&5
conftest.cpp:53:33: fatal error: google/dense_hash_map: No such file or directory
compilation terminated.
configure:3532: $? = 1
configure: failed program was:
| /* confdefs.h */
| #define PACKAGE_NAME "bayon"
| #define PACKAGE_TARNAME "bayon"
| #define PACKAGE_VERSION "0.1.1"
| #define PACKAGE_STRING "bayon 0.1.1"
| #define PACKAGE_BUGREPORT "fujisawa@bayon.cc"
| #define PACKAGE_URL ""
| #define AUTHOR "Mizuki Fujisawa"
| #define STDC_HEADERS 1
| #define HAVE_SYS_TYPES_H 1
| #define HAVE_SYS_STAT_H 1
| #define HAVE_STDLIB_H 1
| #define HAVE_STRING_H 1
| #define HAVE_MEMORY_H 1
| #define HAVE_STRINGS_H 1
| #define HAVE_INTTYPES_H 1
| #define HAVE_STDINT_H 1
| #define HAVE_UNISTD_H 1
| /* end confdefs.h.  */
| #include <stdio.h>
| #ifdef HAVE_SYS_TYPES_H
| # include <sys/types.h>
| #endif
| #ifdef HAVE_SYS_STAT_H
| # include <sys/stat.h>
| #endif
| #ifdef STDC_HEADERS
| # include <stdlib.h>
| # include <stddef.h>
| #else
| # ifdef HAVE_STDLIB_H
| #  include <stdlib.h>
| # endif
| #endif
| #ifdef HAVE_STRING_H
| # if !defined STDC_HEADERS && defined HAVE_MEMORY_H
| #  include <memory.h>
| # endif
| # include <string.h>
| #endif
| #ifdef HAVE_STRINGS_H
| # include <strings.h>
| #endif
| #ifdef HAVE_INTTYPES_H
| # include <inttypes.h>
| #endif
| #ifdef HAVE_STDINT_H
| # include <stdint.h>
| #endif
| #ifdef HAVE_UNISTD_H
| # include <unistd.h>
| #endif
| #include <google/dense_hash_map>
configure:3532: result: no
configure:3532: checking google/dense_hash_map presence
configure:3532: g++ -E  conftest.cpp
conftest.cpp:20:33: fatal error: google/dense_hash_map: No such file or directory
compilation terminated.
configure:3532: $? = 1
configure: failed program was:
| /* confdefs.h */
| #define PACKAGE_NAME "bayon"
| #define PACKAGE_TARNAME "bayon"
| #define PACKAGE_VERSION "0.1.1"
| #define PACKAGE_STRING "bayon 0.1.1"
| #define PACKAGE_BUGREPORT "fujisawa@bayon.cc"
| #define PACKAGE_URL ""
| #define AUTHOR "Mizuki Fujisawa"
| #define STDC_HEADERS 1
| #define HAVE_SYS_TYPES_H 1
| #define HAVE_SYS_STAT_H 1
| #define HAVE_STDLIB_H 1
| #define HAVE_STRING_H 1
| #define HAVE_MEMORY_H 1
| #define HAVE_STRINGS_H 1
| #define HAVE_INTTYPES_H 1
| #define HAVE_STDINT_H 1
| #define HAVE_UNISTD_H 1
| /* end confdefs.h.  */
| #include <google/dense_hash_map>
configure:3532: result: no
configure:3532: checking for google/dense_hash_map
configure:3532: result: no
configure:3544: checking ext/hash_map usability
configure:3544: g++ -c -g -O2  conftest.cpp >&5
In file included from c:\users\gakujutu\appdata\local\programs\stack\i386-windows\ghc-7.8.4\mingw\bin\../lib/gcc/mingw32/4.5.2/include/c++/ext/hash_map:60:0,
                 from conftest.cpp:53:
c:\users\gakujutu\appdata\local\programs\stack\i386-windows\ghc-7.8.4\mingw\bin\../lib/gcc/mingw32/4.5.2/include/c++/backward/backward_warning.h:28:2: warning: #warning This file includes at least one deprecated or antiquated header which may be removed without further notice at a future date. Please use a non-deprecated interface with equivalent functionality instead. For a listing of replacement headers and interfaces, consult the file backward_warning.h. To disable this warning use -Wno-deprecated.
configure:3544: $? = 0
configure:3544: result: yes
configure:3544: checking ext/hash_map presence
configure:3544: g++ -E  conftest.cpp
In file included from c:\users\gakujutu\appdata\local\programs\stack\i386-windows\ghc-7.8.4\mingw\bin\../lib/gcc/mingw32/4.5.2/include/c++/ext/hash_map:60:0,
                 from conftest.cpp:20:
c:\users\gakujutu\appdata\local\programs\stack\i386-windows\ghc-7.8.4\mingw\bin\../lib/gcc/mingw32/4.5.2/include/c++/backward/backward_warning.h:28:2: warning: #warning This file includes at least one deprecated or antiquated header which may be removed without further notice at a future date. Please use a non-deprecated interface with equivalent functionality instead. For a listing of replacement headers and interfaces, consult the file backward_warning.h. To disable this warning use -Wno-deprecated.
configure:3544: $? = 0
configure:3544: result: yes
configure:3544: checking for ext/hash_map
configure:3544: result: yes
configure:3556: checking gtest/gtest.h usability
configure:3556: g++ -c -g -O2  conftest.cpp >&5
conftest.cpp:54:25: fatal error: gtest/gtest.h: No such file or directory
compilation terminated.
configure:3556: $? = 1
configure: failed program was:
| /* confdefs.h */
| #define PACKAGE_NAME "bayon"
| #define PACKAGE_TARNAME "bayon"
| #define PACKAGE_VERSION "0.1.1"
| #define PACKAGE_STRING "bayon 0.1.1"
| #define PACKAGE_BUGREPORT "fujisawa@bayon.cc"
| #define PACKAGE_URL ""
| #define AUTHOR "Mizuki Fujisawa"
| #define STDC_HEADERS 1
| #define HAVE_SYS_TYPES_H 1
| #define HAVE_SYS_STAT_H 1
| #define HAVE_STDLIB_H 1
| #define HAVE_STRING_H 1
| #define HAVE_MEMORY_H 1
| #define HAVE_STRINGS_H 1
| #define HAVE_INTTYPES_H 1
| #define HAVE_STDINT_H 1
| #define HAVE_UNISTD_H 1
| #define HAVE_EXT_HASH_MAP 1
| /* end confdefs.h.  */
| #include <stdio.h>
| #ifdef HAVE_SYS_TYPES_H
| # include <sys/types.h>
| #endif
| #ifdef HAVE_SYS_STAT_H
| # include <sys/stat.h>
| #endif
| #ifdef STDC_HEADERS
| # include <stdlib.h>
| # include <stddef.h>
| #else
| # ifdef HAVE_STDLIB_H
| #  include <stdlib.h>
| # endif
| #endif
| #ifdef HAVE_STRING_H
| # if !defined STDC_HEADERS && defined HAVE_MEMORY_H
| #  include <memory.h>
| # endif
| # include <string.h>
| #endif
| #ifdef HAVE_STRINGS_H
| # include <strings.h>
| #endif
| #ifdef HAVE_INTTYPES_H
| # include <inttypes.h>
| #endif
| #ifdef HAVE_STDINT_H
| # include <stdint.h>
| #endif
| #ifdef HAVE_UNISTD_H
| # include <unistd.h>
| #endif
| #include <gtest/gtest.h>
configure:3556: result: no
configure:3556: checking gtest/gtest.h presence
configure:3556: g++ -E  conftest.cpp
conftest.cpp:21:25: fatal error: gtest/gtest.h: No such file or directory
compilation terminated.
configure:3556: $? = 1
configure: failed program was:
| /* confdefs.h */
| #define PACKAGE_NAME "bayon"
| #define PACKAGE_TARNAME "bayon"
| #define PACKAGE_VERSION "0.1.1"
| #define PACKAGE_STRING "bayon 0.1.1"
| #define PACKAGE_BUGREPORT "fujisawa@bayon.cc"
| #define PACKAGE_URL ""
| #define AUTHOR "Mizuki Fujisawa"
| #define STDC_HEADERS 1
| #define HAVE_SYS_TYPES_H 1
| #define HAVE_SYS_STAT_H 1
| #define HAVE_STDLIB_H 1
| #define HAVE_STRING_H 1
| #define HAVE_MEMORY_H 1
| #define HAVE_STRINGS_H 1
| #define HAVE_INTTYPES_H 1
| #define HAVE_STDINT_H 1
| #define HAVE_UNISTD_H 1
| #define HAVE_EXT_HASH_MAP 1
| /* end confdefs.h.  */
| #include <gtest/gtest.h>
configure:3556: result: no
configure:3556: checking for gtest/gtest.h
configure:3556: result: no
configure:3563: WARNING: The test tools of bayon require gtest. If you use test tools, you must install it.
configure:3721: creating ./config.status

## ---------------------- ##
## Running config.status. ##
## ---------------------- ##

This file was extended by bayon config.status 0.1.1, which was
generated by GNU Autoconf 2.68.  Invocation command line was

  CONFIG_FILES    = 
  CONFIG_HEADERS  = 
  CONFIG_LINKS    = 
  CONFIG_COMMANDS = 
  $ ./config.status 

on PC096D1501

config.status:829: creating Makefile
config.status:829: creating config.h

## ---------------- ##
## Cache variables. ##
## ---------------- ##

ac_cv_c_compiler_gnu=yes
ac_cv_cxx_compiler_gnu=yes
ac_cv_env_CCC_set=
ac_cv_env_CCC_value=
ac_cv_env_CC_set=
ac_cv_env_CC_value=
ac_cv_env_CFLAGS_set=
ac_cv_env_CFLAGS_value=
ac_cv_env_CPPFLAGS_set=
ac_cv_env_CPPFLAGS_value=
ac_cv_env_CXXCPP_set=
ac_cv_env_CXXCPP_value=
ac_cv_env_CXXFLAGS_set=
ac_cv_env_CXXFLAGS_value=
ac_cv_env_CXX_set=
ac_cv_env_CXX_value=
ac_cv_env_LDFLAGS_set=
ac_cv_env_LDFLAGS_value=
ac_cv_env_LIBS_set=
ac_cv_env_LIBS_value=
ac_cv_env_build_alias_set=
ac_cv_env_build_alias_value=
ac_cv_env_host_alias_set=
ac_cv_env_host_alias_value=
ac_cv_env_target_alias_set=
ac_cv_env_target_alias_value=
ac_cv_exeext=.exe
ac_cv_header_ext_hash_map=yes
ac_cv_header_google_dense_hash_map=no
ac_cv_header_gtest_gtest_h=no
ac_cv_header_inttypes_h=yes
ac_cv_header_memory_h=yes
ac_cv_header_stdc=yes
ac_cv_header_stdint_h=yes
ac_cv_header_stdlib_h=yes
ac_cv_header_string_h=yes
ac_cv_header_strings_h=yes
ac_cv_header_sys_stat_h=yes
ac_cv_header_sys_types_h=yes
ac_cv_header_unistd_h=yes
ac_cv_objext=o
ac_cv_path_EGREP='/bin/grep -E'
ac_cv_path_GREP=/bin/grep
ac_cv_prog_CXXCPP='g++ -E'
ac_cv_prog_ac_ct_CC=gcc
ac_cv_prog_ac_ct_CXX=g++
ac_cv_prog_cc_c89=
ac_cv_prog_cc_g=yes
ac_cv_prog_cxx_g=yes

## ----------------- ##
## Output variables. ##
## ----------------- ##

CC='gcc'
CFLAGS='-g -O2'
CPPFLAGS=''
CXX='g++'
CXXCPP='g++ -E'
CXXFLAGS='-g -O2'
DEFS='-DHAVE_CONFIG_H'
ECHO_C=''
ECHO_N='-n'
ECHO_T=''
EGREP='/bin/grep -E'
EXEEXT='.exe'
GREP='/bin/grep'
LDFLAGS=''
LIBOBJS=''
LIBS=''
LTLIBOBJS=''
MYCFLAGS='-Wall -fPIC -O3'
MYCMDLDFLAGS=''
MYCOMMANDFILES='bayon'
MYCPPFLAGS='-I. -I$(INCLUDEDIR) -I/home/gakujutu/include -I/usr/local/include -D_GNU_SOURCE=1'
MYDOCUMENTFILES='COPYING README TODO'
MYHEADERFILES='bayon.h analyzer.h byvector.h classifier.h cluster.h document.h util.h config.h'
MYLDFLAGS='-L. -L$(LIBDIR) -L/home/gakujutu/lib -L/usr/local/lib'
MYLDLIBPATHENV='LD_LIBRARY_PATH'
MYLIBOBJFILES='analyzer.o byvector.o classifier.o cluster.o document.o util.o'
MYLIBRARYFILES='libbayon.a libbayon.so.1.1.0 libbayon.so.1 libbayon.so'
MYLIBREV='1'
MYLIBVER='1'
MYRUNPATH='$(LIBDIR)'
MYTESTCOMMANDFILES='vectest anatest clatest clutest doctest'
MYTESTLDFLAGS='-lgtest -lpthread'
OBJEXT='o'
PACKAGE_BUGREPORT='fujisawa@bayon.cc'
PACKAGE_NAME='bayon'
PACKAGE_STRING='bayon 0.1.1'
PACKAGE_TARNAME='bayon'
PACKAGE_URL=''
PACKAGE_VERSION='0.1.1'
PATH_SEPARATOR=':'
SHELL='/bin/sh'
ac_ct_CC='gcc'
ac_ct_CXX='g++'
bindir='${exec_prefix}/bin'
build_alias=''
datadir='${datarootdir}'
datarootdir='${prefix}/share'
docdir='${datarootdir}/doc/${PACKAGE_TARNAME}'
dvidir='${docdir}'
exec_prefix='${prefix}'
host_alias=''
htmldir='${docdir}'
includedir='${prefix}/include'
infodir='${datarootdir}/info'
libdir='${exec_prefix}/lib'
libexecdir='${exec_prefix}/libexec'
localedir='${datarootdir}/locale'
localstatedir='${prefix}/var'
mandir='${datarootdir}/man'
oldincludedir='/usr/include'
pdfdir='${docdir}'
prefix='/usr/local'
program_transform_name='s,x,x,'
psdir='${docdir}'
sbindir='${exec_prefix}/sbin'
sharedstatedir='${prefix}/com'
sysconfdir='${prefix}/etc'
target_alias=''

## ----------- ##
## confdefs.h. ##
## ----------- ##

/* confdefs.h */
#define PACKAGE_NAME "bayon"
#define PACKAGE_TARNAME "bayon"
#define PACKAGE_VERSION "0.1.1"
#define PACKAGE_STRING "bayon 0.1.1"
#define PACKAGE_BUGREPORT "fujisawa@bayon.cc"
#define PACKAGE_URL ""
#define AUTHOR "Mizuki Fujisawa"
#define STDC_HEADERS 1
#define HAVE_SYS_TYPES_H 1
#define HAVE_SYS_STAT_H 1
#define HAVE_STDLIB_H 1
#define HAVE_STRING_H 1
#define HAVE_MEMORY_H 1
#define HAVE_STRINGS_H 1
#define HAVE_INTTYPES_H 1
#define HAVE_STDINT_H 1
#define HAVE_UNISTD_H 1
#define HAVE_EXT_HASH_MAP 1

configure: exit 0
